2026-06-22 03:32:02.609 [restartedMain] INFO 
            com.hospital.doctor.DoctorServiceApplication - Starting DoctorServiceApplication using Java 21.0.10 with PID 24845 (/Users/hamzarouf/hospital_queue_system/doctor-service/target/classes started by hamzarouf in /Users/hamzarouf/hospital_queue_system/doctor-service)
2026-06-22 03:32:02.610 [restartedMain] DEBUG
            com.hospital.doctor.DoctorServiceApplication - Running with Spring Boot v4.1.0, Spring v7.0.8
2026-06-22 03:32:02.611 [restartedMain] INFO 
            com.hospital.doctor.DoctorServiceApplication - No active profile set, falling back to 1 default profile: "default"
2026-06-22 03:32:04.044 [restartedMain] INFO 
            com.hospital.doctor.DoctorServiceApplication - Started DoctorServiceApplication in 1.538 seconds (process running for 1.975)
2026-06-22 03:32:33.100 [restartedMain] INFO 
            com.hospital.doctor.DoctorServiceApplication - Starting DoctorServiceApplication using Java 21.0.10 with PID 24845 (/Users/hamzarouf/hospital_queue_system/doctor-service/target/classes started by hamzarouf in /Users/hamzarouf/hospital_queue_system/doctor-service)
2026-06-22 03:32:33.101 [restartedMain] DEBUG
            com.hospital.doctor.DoctorServiceApplication - Running with Spring Boot v4.1.0, Spring v7.0.8
2026-06-22 03:32:33.101 [restartedMain] INFO 
            com.hospital.doctor.DoctorServiceApplication - No active profile set, falling back to 1 default profile: "default"
2026-06-22 03:32:33.305 [restartedMain] INFO 
            com.hospital.doctor.DoctorServiceApplication - Started DoctorServiceApplication in 0.22 seconds (process running for 31.233)
2026-06-22 03:41:25.341 [restartedMain] INFO 
            com.hospital.doctor.DoctorServiceApplication - Starting DoctorServiceApplication using Java 21.0.10 with PID 24996 (/Users/hamzarouf/hospital_queue_system/doctor-service/target/classes started by hamzarouf in /Users/hamzarouf/hospital_queue_system/doctor-service)
2026-06-22 03:41:25.342 [restartedMain] DEBUG
            com.hospital.doctor.DoctorServiceApplication - Running with Spring Boot v4.1.0, Spring v7.0.8
2026-06-22 03:41:25.343 [restartedMain] INFO 
            com.hospital.doctor.DoctorServiceApplication - No active profile set, falling back to 1 default profile: "default"
2026-06-22 03:41:26.663 [restartedMain] INFO 
            com.hospital.doctor.DoctorServiceApplication - Started DoctorServiceApplication in 1.411 seconds (process running for 1.746)
2026-06-22 03:41:39.050 [http-nio-8083-exec-2] INFO 
            com.hospital.doctor.controller.DoctorController - Register request for doctor: Dr. Princi Patel
2026-06-22 03:41:39.053 [http-nio-8083-exec-2] INFO 
            com.hospital.doctor.service.impl.DoctorServiceImpl - Registering new doctor: Dr. Princi Patel in dept: OPD
2026-06-22 03:41:39.062 [http-nio-8083-exec-2] INFO 
            com.hospital.doctor.service.impl.DoctorServiceImpl - Doctor registered successfully: 871671d9-a3fd-4b95-ad65-51287ad550d6
2026-06-22 03:42:39.102 [http-nio-8083-exec-4] DEBUG
            com.hospital.doctor.service.impl.DoctorServiceImpl - Fetching all doctors
2026-06-22 03:42:39.185 [http-nio-8083-exec-4] INFO 
            com.hospital.doctor.service.impl.DoctorServiceImpl - Total doctors fetched: 1
2026-06-22 03:44:46.225 [restartedMain] INFO 
            com.hospital.doctor.DoctorServiceApplication - Starting DoctorServiceApplication using Java 21.0.10 with PID 25031 (/Users/hamzarouf/hospital_queue_system/doctor-service/target/classes started by hamzarouf in /Users/hamzarouf/hospital_queue_system/doctor-service)
2026-06-22 03:44:46.226 [restartedMain] DEBUG
            com.hospital.doctor.DoctorServiceApplication - Running with Spring Boot v4.1.0, Spring v7.0.8
2026-06-22 03:44:46.226 [restartedMain] INFO 
            com.hospital.doctor.DoctorServiceApplication - No active profile set, falling back to 1 default profile: "default"
2026-06-22 03:44:47.558 [restartedMain] INFO 
            com.hospital.doctor.DoctorServiceApplication - Started DoctorServiceApplication in 1.425 seconds (process running for 1.83)
2026-06-22 03:44:55.752 [http-nio-8083-exec-1] DEBUG
            com.hospital.doctor.service.impl.DoctorServiceImpl - Fetching all doctors
2026-06-22 03:44:55.820 [http-nio-8083-exec-1] INFO 
            com.hospital.doctor.service.impl.DoctorServiceImpl - Total doctors fetched: 1
2026-06-22 03:46:09.882 [http-nio-8083-exec-5] DEBUG
            com.hospital.doctor.service.impl.DoctorServiceImpl - Fetching all doctors
2026-06-22 03:46:09.887 [http-nio-8083-exec-5] INFO 
            com.hospital.doctor.service.impl.DoctorServiceImpl - Total doctors fetched: 1
2026-06-22 03:46:18.132 [http-nio-8083-exec-6] DEBUG
            com.hospital.doctor.service.impl.DoctorServiceImpl - Fetching all doctors
2026-06-22 03:46:18.137 [http-nio-8083-exec-6] INFO 
            com.hospital.doctor.service.impl.DoctorServiceImpl - Total doctors fetched: 1
2026-06-22 03:48:04.762 [restartedMain] INFO 
            com.hospital.doctor.DoctorServiceApplication - Starting DoctorServiceApplication using Java 21.0.10 with PID 25129 (/Users/hamzarouf/hospital_queue_system/doctor-service/target/classes started by hamzarouf in /Users/hamzarouf/hospital_queue_system/doctor-service)
2026-06-22 03:48:04.763 [restartedMain] DEBUG
            com.hospital.doctor.DoctorServiceApplication - Running with Spring Boot v4.1.0, Spring v7.0.8
2026-06-22 03:48:04.764 [restartedMain] INFO 
            com.hospital.doctor.DoctorServiceApplication - No active profile set, falling back to 1 default profile: "default"
2026-06-22 03:48:06.057 [restartedMain] INFO 
            com.hospital.doctor.DoctorServiceApplication - Started DoctorServiceApplication in 1.401 seconds (process running for 1.749)
2026-06-22 03:48:14.670 [http-nio-8083-exec-2] DEBUG
            com.hospital.doctor.service.impl.DoctorServiceImpl - Fetching all doctors
2026-06-22 03:48:14.738 [http-nio-8083-exec-2] INFO 
            com.hospital.doctor.service.impl.DoctorServiceImpl - Total doctors fetched: 1
2026-06-22 03:52:39.029 [restartedMain] INFO 
            com.hospital.doctor.DoctorServiceApplication - Starting DoctorServiceApplication using Java 21.0.10 with PID 25129 (/Users/hamzarouf/hospital_queue_system/doctor-service/target/classes started by hamzarouf in /Users/hamzarouf/hospital_queue_system/doctor-service)
2026-06-22 03:52:39.030 [restartedMain] DEBUG
            com.hospital.doctor.DoctorServiceApplication - Running with Spring Boot v4.1.0, Spring v7.0.8
2026-06-22 03:52:39.030 [restartedMain] INFO 
            com.hospital.doctor.DoctorServiceApplication - No active profile set, falling back to 1 default profile: "default"
2026-06-22 03:52:39.255 [restartedMain] INFO 
            com.hospital.doctor.DoctorServiceApplication - Started DoctorServiceApplication in 0.241 seconds (process running for 274.95)
2026-06-22 03:53:12.974 [restartedMain] INFO 
            com.hospital.doctor.DoctorServiceApplication - Starting DoctorServiceApplication using Java 21.0.10 with PID 25129 (/Users/hamzarouf/hospital_queue_system/doctor-service/target/classes started by hamzarouf in /Users/hamzarouf/hospital_queue_system/doctor-service)
2026-06-22 03:53:12.974 [restartedMain] DEBUG
            com.hospital.doctor.DoctorServiceApplication - Running with Spring Boot v4.1.0, Spring v7.0.8
2026-06-22 03:53:12.974 [restartedMain] INFO 
            com.hospital.doctor.DoctorServiceApplication - No active profile set, falling back to 1 default profile: "default"
2026-06-22 03:55:43.327 [restartedMain] INFO 
            com.hospital.doctor.DoctorServiceApplication - Starting DoctorServiceApplication using Java 21.0.10 with PID 25225 (/Users/hamzarouf/hospital_queue_system/doctor-service/target/classes started by hamzarouf in /Users/hamzarouf/hospital_queue_system/doctor-service)
2026-06-22 03:55:43.328 [restartedMain] DEBUG
            com.hospital.doctor.DoctorServiceApplication - Running with Spring Boot v4.1.0, Spring v7.0.8
2026-06-22 03:55:43.328 [restartedMain] INFO 
            com.hospital.doctor.DoctorServiceApplication - No active profile set, falling back to 1 default profile: "default"
2026-06-22 03:55:44.596 [restartedMain] INFO 
            com.hospital.doctor.DoctorServiceApplication - Started DoctorServiceApplication in 1.359 seconds (process running for 1.695)
2026-06-22 03:55:55.947 [http-nio-8083-exec-2] DEBUG
            com.hospital.doctor.service.impl.DoctorServiceImpl - Fetching all doctors
2026-06-22 03:55:56.014 [http-nio-8083-exec-2] INFO 
            com.hospital.doctor.service.impl.DoctorServiceImpl - Total doctors fetched: 5
2026-06-22 03:57:56.721 [http-nio-8083-exec-5] DEBUG
            com.hospital.doctor.service.impl.DoctorServiceImpl - Fetching available doctors in dept: OPD
2026-06-22 03:57:56.890 [http-nio-8083-exec-5] INFO 
            com.hospital.doctor.service.impl.DoctorServiceImpl - Found 3 available doctors in dept: OPD
2026-06-22 03:58:20.490 [http-nio-8083-exec-6] INFO 
            com.hospital.doctor.controller.DoctorController - Finding first available doctor in: OPD
2026-06-22 03:58:20.491 [http-nio-8083-exec-6] INFO 
            com.hospital.doctor.service.impl.DoctorServiceImpl - Finding first available doctor in dept: OPD
2026-06-22 03:58:20.500 [http-nio-8083-exec-6] INFO 
            com.hospital.doctor.service.impl.DoctorServiceImpl - Found available doctor: Dr. Sharma in dept: OPD
2026-06-22 03:59:20.964 [http-nio-8083-exec-9] ERROR
            com.hospital.doctor.exception.GlobalExceptionHandler - Unexpected error: Request method 'GET' is not supported
org.springframework.web.HttpRequestMethodNotSupportedException: Request method 'GET' is not supported
	at org.springframework.web.servlet.mvc.method.RequestMappingInfoHandlerMapping.handleNoMatch(RequestMappingInfoHandlerMapping.java:260)
	at org.springframework.web.servlet.handler.AbstractHandlerMethodMapping.lookupHandlerMethod(AbstractHandlerMethodMapping.java:434)
	at org.springframework.web.servlet.handler.AbstractHandlerMethodMapping.getHandlerInternal(AbstractHandlerMethodMapping.java:376)
	at org.springframework.web.servlet.mvc.method.RequestMappingInfoHandlerMapping.getHandlerInternal(RequestMappingInfoHandlerMapping.java:116)
	at org.springframework.web.servlet.mvc.method.RequestMappingInfoHandlerMapping.getHandlerInternal(RequestMappingInfoHandlerMapping.java:68)
	at org.springframework.web.servlet.handler.AbstractHandlerMapping.getHandler(AbstractHandlerMapping.java:544)
	at org.springframework.web.servlet.DispatcherServlet.getHandler(DispatcherServlet.java:1157)
	at org.springframework.web.servlet.DispatcherServlet.doDispatch(DispatcherServlet.java:951)
	at org.springframework.web.servlet.DispatcherServlet.doService(DispatcherServlet.java:866)
	at org.springframework.web.servlet.FrameworkServlet.processRequest(FrameworkServlet.java:1000)
	at org.springframework.web.servlet.FrameworkServlet.doGet(FrameworkServlet.java:892)
	at jakarta.servlet.http.HttpServlet.service(HttpServlet.java:622)
	at org.springframework.web.servlet.FrameworkServlet.service(FrameworkServlet.java:874)
	at jakarta.servlet.http.HttpServlet.service(HttpServlet.java:710)
	at org.apache.catalina.core.ApplicationFilterChain.doFilter(ApplicationFilterChain.java:128)
	at org.apache.tomcat.websocket.server.WsFilter.doFilter(WsFilter.java:53)
	at org.apache.catalina.core.ApplicationFilterChain.doFilter(ApplicationFilterChain.java:107)
	at org.springframework.web.filter.CompositeFilter$VirtualFilterChain.doFilter(CompositeFilter.java:108)
	at org.springframework.security.web.FilterChainProxy.lambda$doFilterInternal$2(FilterChainProxy.java:235)
	at org.springframework.security.web.FilterChainProxy$VirtualFilterChain.doFilter(FilterChainProxy.java:376)
	at org.springframework.security.web.access.intercept.AuthorizationFilter.doFilter(AuthorizationFilter.java:101)
	at org.springframework.security.web.FilterChainProxy$VirtualFilterChain.doFilter(FilterChainProxy.java:385)
	at org.springframework.security.web.access.ExceptionTranslationFilter.doFilter(ExceptionTranslationFilter.java:126)
	at org.springframework.security.web.access.ExceptionTranslationFilter.doFilter(ExceptionTranslationFilter.java:120)
	at org.springframework.security.web.FilterChainProxy$VirtualFilterChain.doFilter(FilterChainProxy.java:385)
	at org.springframework.security.web.authentication.AnonymousAuthenticationFilter.doFilter(AnonymousAuthenticationFilter.java:100)
	at org.springframework.security.web.FilterChainProxy$VirtualFilterChain.doFilter(FilterChainProxy.java:385)
	at org.springframework.security.web.servletapi.SecurityContextHolderAwareRequestFilter.doFilter(SecurityContextHolderAwareRequestFilter.java:181)
	at org.springframework.security.web.FilterChainProxy$VirtualFilterChain.doFilter(FilterChainProxy.java:385)
	at org.springframework.security.web.savedrequest.RequestCacheAwareFilter.doFilter(RequestCacheAwareFilter.java:63)
	at org.springframework.security.web.FilterChainProxy$VirtualFilterChain.doFilter(FilterChainProxy.java:385)
	at org.springframework.security.web.authentication.logout.LogoutFilter.doFilter(LogoutFilter.java:110)
	at org.springframework.security.web.authentication.logout.LogoutFilter.doFilter(LogoutFilter.java:96)
	at org.springframework.security.web.FilterChainProxy$VirtualFilterChain.doFilter(FilterChainProxy.java:385)
	at org.springframework.security.web.header.HeaderWriterFilter.doHeadersAfter(HeaderWriterFilter.java:90)
	at org.springframework.security.web.header.HeaderWriterFilter.doFilterInternal(HeaderWriterFilter.java:75)
	at org.springframework.web.filter.OncePerRequestFilter.doFilter(OncePerRequestFilter.java:116)
	at org.springframework.security.web.FilterChainProxy$VirtualFilterChain.doFilter(FilterChainProxy.java:385)
	at org.springframework.security.web.context.SecurityContextHolderFilter.doFilter(SecurityContextHolderFilter.java:82)
	at org.springframework.security.web.context.SecurityContextHolderFilter.doFilter(SecurityContextHolderFilter.java:69)
	at org.springframework.security.web.FilterChainProxy$VirtualFilterChain.doFilter(FilterChainProxy.java:385)
	at org.springframework.security.web.context.request.async.WebAsyncManagerIntegrationFilter.doFilterInternal(WebAsyncManagerIntegrationFilter.java:62)
	at org.springframework.web.filter.OncePerRequestFilter.doFilter(OncePerRequestFilter.java:116)
	at org.springframework.security.web.FilterChainProxy$VirtualFilterChain.doFilter(FilterChainProxy.java:385)
	at org.springframework.security.web.session.DisableEncodeUrlFilter.doFilterInternal(DisableEncodeUrlFilter.java:42)
	at org.springframework.web.filter.OncePerRequestFilter.doFilter(OncePerRequestFilter.java:116)
	at org.springframework.security.web.FilterChainProxy$VirtualFilterChain.doFilter(FilterChainProxy.java:385)
	at org.springframework.security.web.FilterChainProxy.doFilterInternal(FilterChainProxy.java:237)
	at org.springframework.security.web.FilterChainProxy.doFilter(FilterChainProxy.java:195)
	at org.springframework.web.filter.CompositeFilter$VirtualFilterChain.doFilter(CompositeFilter.java:113)
	at org.springframework.web.filter.ServletRequestPathFilter.doFilter(ServletRequestPathFilter.java:52)
	at org.springframework.web.filter.CompositeFilter$VirtualFilterChain.doFilter(CompositeFilter.java:113)
	at org.springframework.web.filter.CompositeFilter.doFilter(CompositeFilter.java:74)
	at org.springframework.security.config.annotation.web.configuration.WebSecurityConfiguration$CompositeFilterChainProxy.doFilter(WebSecurityConfiguration.java:317)
	at org.springframework.web.filter.DelegatingFilterProxy.invokeDelegate(DelegatingFilterProxy.java:355)
	at org.springframework.web.filter.DelegatingFilterProxy.doFilter(DelegatingFilterProxy.java:272)
	at org.apache.catalina.core.ApplicationFilterChain.doFilter(ApplicationFilterChain.java:107)
	at org.springframework.web.filter.RequestContextFilter.doFilterInternal(RequestContextFilter.java:100)
	at org.springframework.web.filter.OncePerRequestFilter.doFilter(OncePerRequestFilter.java:116)
	at org.apache.catalina.core.ApplicationFilterChain.doFilter(ApplicationFilterChain.java:107)
	at org.springframework.web.filter.FormContentFilter.doFilterInternal(FormContentFilter.java:93)
	at org.springframework.web.filter.OncePerRequestFilter.doFilter(OncePerRequestFilter.java:116)
	at org.apache.catalina.core.ApplicationFilterChain.doFilter(ApplicationFilterChain.java:107)
	at org.springframework.web.filter.CharacterEncodingFilter.doFilterInternal(CharacterEncodingFilter.java:199)
	at org.springframework.web.filter.OncePerRequestFilter.doFilter(OncePerRequestFilter.java:116)
	at org.apache.catalina.core.ApplicationFilterChain.doFilter(ApplicationFilterChain.java:107)
	at org.apache.catalina.core.StandardWrapperValve.invoke(StandardWrapperValve.java:165)
	at org.apache.catalina.core.StandardContextValve.invoke(StandardContextValve.java:77)
	at org.apache.catalina.authenticator.AuthenticatorBase.invoke(AuthenticatorBase.java:492)
	at org.apache.catalina.core.StandardHostValve.invoke(StandardHostValve.java:113)
	at org.apache.catalina.valves.ErrorReportValve.invoke(ErrorReportValve.java:83)
	at org.apache.catalina.core.StandardEngineValve.invoke(StandardEngineValve.java:72)
	at org.apache.catalina.connector.CoyoteAdapter.service(CoyoteAdapter.java:341)
	at org.apache.coyote.http11.Http11Processor.service(Http11Processor.java:397)
	at org.apache.coyote.AbstractProcessorLight.process(AbstractProcessorLight.java:63)
	at org.apache.coyote.AbstractProtocol$ConnectionHandler.process(AbstractProtocol.java:1272)
	at org.apache.tomcat.util.net.NioEndpoint$SocketProcessor.doRun(NioEndpoint.java:1801)
	at org.apache.tomcat.util.net.SocketProcessorBase.run(SocketProcessorBase.java:52)
	at org.apache.tomcat.util.threads.ThreadPoolExecutor.runWorker(ThreadPoolExecutor.java:946)
	at org.apache.tomcat.util.threads.ThreadPoolExecutor$Worker.run(ThreadPoolExecutor.java:480)
	at org.apache.tomcat.util.threads.TaskThread$WrappingRunnable.run(TaskThread.java:57)
	at java.base/java.lang.Thread.run(Thread.java:1583)
2026-06-22 03:59:26.535 [http-nio-8083-exec-1] INFO 
            com.hospital.doctor.controller.DoctorController - Assigning doctor: 247872de-6dc0-11f1-a4ed-9ee18c1be21c
2026-06-22 03:59:26.537 [http-nio-8083-exec-1] INFO 
            com.hospital.doctor.service.impl.DoctorServiceImpl - Assigning doctor: 247872de-6dc0-11f1-a4ed-9ee18c1be21c to patient
2026-06-22 03:59:26.547 [http-nio-8083-exec-1] INFO 
            com.hospital.doctor.service.impl.DoctorServiceImpl - Doctor: Dr. Sharma is now BUSY
2026-06-22 04:00:01.072 [http-nio-8083-exec-2] DEBUG
            com.hospital.doctor.service.impl.DoctorServiceImpl - Fetching available doctors in dept: OPD
2026-06-22 04:00:01.077 [http-nio-8083-exec-2] INFO 
            com.hospital.doctor.service.impl.DoctorServiceImpl - Found 2 available doctors in dept: OPD
2026-06-22 04:01:23.934 [http-nio-8083-exec-5] DEBUG
            com.hospital.doctor.service.impl.DoctorServiceImpl - Fetching doctor by ID: non-existent-id
2026-06-22 04:01:23.939 [http-nio-8083-exec-5] WARN 
            com.hospital.doctor.service.impl.DoctorServiceImpl - Doctor not found: non-existent-id
2026-06-22 04:01:23.941 [http-nio-8083-exec-5] WARN 
            com.hospital.doctor.exception.GlobalExceptionHandler - DoctorNotFoundException: Doctor not found with id: non-existent-id
